<?xml version="1.0" encoding="UTF-8"?>
<!-- Generated by org.testng.reporters.JUnitReportReporter -->
<testsuite hostname="Shamima" name="com.osa.runner.RunWIthTestNG" tests="2" failures="0" timestamp="23 Aug 2020 19:21:07 GMT" time="45.882" errors="0">
  <testcase name="feature" time="23.415" classname="com.osa.runner.RunWIthTestNG"/>
  <testcase name="feature" time="22.467" classname="com.osa.runner.RunWIthTestNG"/>
</testsuite> <!-- com.osa.runner.RunWIthTestNG -->
