<?xml version="1.0" encoding="UTF-8"?>
<!-- Generated by org.testng.reporters.JUnitReportReporter -->
<testsuite hostname="Shamima" name="com.osa.runner.RunRegression" tests="1" failures="0" timestamp="4 Sep 2020 20:10:52 GMT" time="6.394" errors="0">
  <testcase name="feature" time="6.394" classname="com.osa.runner.RunRegression"/>
</testsuite> <!-- com.osa.runner.RunRegression -->
